#
# There is insufficient memory for the Java Runtime Environment to continue.
# Native memory allocation (malloc) failed to allocate 1048576 bytes for AllocateHeap
# Possible reasons:
#   The system is out of physical RAM or swap space
#   The process is running with CompressedOops enabled, and the Java Heap may be blocking the growth of the native heap
# Possible solutions:
#   Reduce memory load on the system
#   Increase physical memory or swap space
#   Check if swap backing store is full
#   Decrease Java heap size (-Xmx/-Xms)
#   Decrease number of Java threads
#   Decrease Java thread stack sizes (-Xss)
#   Set larger code cache with -XX:ReservedCodeCacheSize=
#   JVM is running with Unscaled Compressed Oops mode in which the Java heap is
#     placed in the first 4GB address space. The Java Heap base address is the
#     maximum limit for the native heap growth. Please use -XX:HeapBaseMinAddress
#     to set the Java Heap base and to place the Java Heap above 4GB virtual address.
# This output file may be truncated or incomplete.
#
#  Out of Memory Error (./src/hotspot/share/memory/allocation.cpp:46), pid=52196, tid=46744
#
# JRE version:  (11.0.11+9) (build )
# Java VM: OpenJDK 64-Bit Server VM (11.0.11+9-b1504.13, mixed mode, sharing, tiered, compressed oops, g1 gc, windows-amd64)
# No core dump will be written. Minidumps are not enabled by default on client versions of Windows
#

---------------  S U M M A R Y ------------

Command Line: git4idea.http.GitAskPassApp Username for 'https://github.com': 

Host: AMD Ryzen 7 5800H with Radeon Graphics         , 16 cores, 15G,  Windows 10 , 64 bit Build 19041 (10.0.19041.1889)
Time: Sat Oct 29 16:07:00 2022 China Standard Time elapsed time: 0.009541 seconds (0d 0h 0m 0s)

---------------  T H R E A D  ---------------

Current thread (0x000002beaa70c000):  JavaThread "Unknown thread" [_thread_in_vm, id=46744, stack(0x000000c5e6d00000,0x000000c5e6e00000)]

Stack: [0x000000c5e6d00000,0x000000c5e6e00000]
Native frames: (J=compiled Java code, j=interpreted, Vv=VM code, C=native code)
V  [jvm.dll+0x5f5d5a]
V  [jvm.dll+0x7798b5]
V  [jvm.dll+0x77aecd]
V  [jvm.dll+0x77b583]
V  [jvm.dll+0x244978]
V  [jvm.dll+0xb49c4]
V  [jvm.dll+0x2d71b8]
V  [jvm.dll+0x758047]
V  [jvm.dll+0x75984c]
V  [jvm.dll+0x35b659]
V  [jvm.dll+0x73b67e]
V  [jvm.dll+0x3c39f3]
V  [jvm.dll+0x3c5dd1]
C  [jli.dll+0x5373]
C  [ucrtbase.dll+0x21bb2]
C  [KERNEL32.DLL+0x17034]
C  [ntdll.dll+0x526a1]


---------------  P R O C E S S  ---------------

Threads class SMR info:
_java_thread_list=0x000002beaa632dd0, length=0, elements={
}

Java Threads: ( => current thread )

Other Threads:

=>0x000002beaa70c000 (exited) JavaThread "Unknown thread" [_thread_in_vm, id=46744, stack(0x000000c5e6d00000,0x000000c5e6e00000)]

Threads with active compile tasks:

VM state:not at safepoint (not fully initialized)

VM Mutex/Monitor currently owned by a thread: None


[error occurred during error reporting (printing compressed oops mode), id 0xc0000005, EXCEPTION_ACCESS_VIOLATION (0xc0000005) at pc=0x00007ffe35238e97]

GC Heap History (0 events):
No events

Deoptimization events (0 events):
No events

Classes redefined (0 events):
No events

Internal exceptions (0 events):
No events

Events (1 events):
Event: 0.006 Loaded shared library D:\LenovoSoftstore\JetBrains\PyCharm 2021.2\jbr\bin\zip.dll


Dynamic libraries:
0x00007ff7dc650000 - 0x00007ff7dc65a000 	D:\LenovoSoftstore\JetBrains\PyCharm 2021.2\jbr\bin\java.exe
0x00007ffece9f0000 - 0x00007ffecebe8000 	C:\windows\SYSTEM32\ntdll.dll
0x00007ffecd920000 - 0x00007ffecd9dd000 	C:\windows\System32\KERNEL32.DLL
0x00007ffecc740000 - 0x00007ffecca12000 	C:\windows\System32\KERNELBASE.dll
0x00007ffecc4d0000 - 0x00007ffecc5d0000 	C:\windows\System32\ucrtbase.dll
0x00007ffe91580000 - 0x00007ffe91599000 	D:\LenovoSoftstore\JetBrains\PyCharm 2021.2\jbr\bin\jli.dll
0x00007ffe98b20000 - 0x00007ffe98b37000 	D:\LenovoSoftstore\JetBrains\PyCharm 2021.2\jbr\bin\VCRUNTIME140.dll
0x00007ffeccc90000 - 0x00007ffecce2d000 	C:\windows\System32\USER32.dll
0x00007ffecc260000 - 0x00007ffecc282000 	C:\windows\System32\win32u.dll
0x00007ffecdae0000 - 0x00007ffecdb0b000 	C:\windows\System32\GDI32.dll
0x00007ffeb91d0000 - 0x00007ffeb946a000 	C:\windows\WinSxS\amd64_microsoft.windows.common-controls_6595b64144ccf1df_6.0.19041.1110_none_60b5254171f9507e\COMCTL32.dll
0x00007ffecc3c0000 - 0x00007ffecc4cf000 	C:\windows\System32\gdi32full.dll
0x00007ffecd4f0000 - 0x00007ffecd58e000 	C:\windows\System32\msvcrt.dll
0x00007ffecc320000 - 0x00007ffecc3bd000 	C:\windows\System32\msvcp_win.dll
0x00007ffecd8f0000 - 0x00007ffecd920000 	C:\windows\System32\IMM32.DLL
0x00007ffe6fc70000 - 0x00007ffe6fd0d000 	D:\LenovoSoftstore\JetBrains\PyCharm 2021.2\jbr\bin\msvcp140.dll
0x00007ffe34ae0000 - 0x00007ffe3562a000 	D:\LenovoSoftstore\JetBrains\PyCharm 2021.2\jbr\bin\server\jvm.dll
0x00007ffeccfc0000 - 0x00007ffecd06e000 	C:\windows\System32\ADVAPI32.dll
0x00007ffecda40000 - 0x00007ffecdadc000 	C:\windows\System32\sechost.dll
0x00007ffecdb10000 - 0x00007ffecdc35000 	C:\windows\System32\RPCRT4.dll
0x00007ffecdc40000 - 0x00007ffecdc48000 	C:\windows\System32\PSAPI.DLL
0x00007ffeb4350000 - 0x00007ffeb4359000 	C:\windows\SYSTEM32\WSOCK32.dll
0x00007ffeccf50000 - 0x00007ffeccfbb000 	C:\windows\System32\WS2_32.dll
0x00007ffec0410000 - 0x00007ffec0437000 	C:\windows\SYSTEM32\WINMM.dll
0x00007ffec3480000 - 0x00007ffec348a000 	C:\windows\SYSTEM32\VERSION.dll
0x00007ffeca950000 - 0x00007ffeca962000 	C:\windows\SYSTEM32\kernel.appcore.dll
0x00007ffec4400000 - 0x00007ffec4411000 	D:\LenovoSoftstore\JetBrains\PyCharm 2021.2\jbr\bin\verify.dll
0x00007ffeca730000 - 0x00007ffeca914000 	C:\windows\SYSTEM32\DBGHELP.DLL
0x00007ffeb4f80000 - 0x00007ffeb4fac000 	C:\windows\SYSTEM32\dbgcore.DLL
0x00007ffecc290000 - 0x00007ffecc312000 	C:\windows\System32\bcryptPrimitives.dll
0x00007ffeb7800000 - 0x00007ffeb7829000 	D:\LenovoSoftstore\JetBrains\PyCharm 2021.2\jbr\bin\java.dll
0x00007ffec7930000 - 0x00007ffec793b000 	D:\LenovoSoftstore\JetBrains\PyCharm 2021.2\jbr\bin\jimage.dll
0x00007ffeb7760000 - 0x00007ffeb7778000 	D:\LenovoSoftstore\JetBrains\PyCharm 2021.2\jbr\bin\zip.dll

dbghelp: loaded successfully - version: 4.0.5 - missing functions: none
symbol engine: initialized successfully - sym options: 0x614 - pdb path: .;D:\LenovoSoftstore\JetBrains\PyCharm 2021.2\jbr\bin;C:\windows\SYSTEM32;C:\windows\WinSxS\amd64_microsoft.windows.common-controls_6595b64144ccf1df_6.0.19041.1110_none_60b5254171f9507e;D:\LenovoSoftstore\JetBrains\PyCharm 2021.2\jbr\bin\server

VM Arguments:
java_command: git4idea.http.GitAskPassApp Username for 'https://github.com': 
java_class_path (initial): D:/LenovoSoftstore/JetBrains/PyCharm 2021.2/plugins/git4idea/lib/git4idea-rt.jar;D:/LenovoSoftstore/JetBrains/PyCharm 2021.2/lib/3rd-party.jar
Launcher Type: SUN_STANDARD

[Global flags]
     intx CICompilerCount                          = 12                                        {product} {ergonomic}
     uint G1ConcRefinementThreads                  = 13                                        {product} {ergonomic}
   size_t G1HeapRegionSize                         = 1048576                                   {product} {ergonomic}
    uintx GCDrainStackTargetSize                   = 64                                        {product} {ergonomic}
   size_t InitialHeapSize                          = 266338304                                 {product} {ergonomic}
   size_t MaxHeapSize                              = 4261412864                                {product} {ergonomic}
   size_t MinHeapDeltaBytes                        = 1048576                                   {product} {ergonomic}
    uintx NonNMethodCodeHeapSize                   = 7594288                                {pd product} {ergonomic}
    uintx NonProfiledCodeHeapSize                  = 122031976                              {pd product} {ergonomic}
    uintx ProfiledCodeHeapSize                     = 122031976                              {pd product} {ergonomic}
    uintx ReservedCodeCacheSize                    = 251658240                              {pd product} {ergonomic}
     bool SegmentedCodeCache                       = true                                      {product} {ergonomic}
     bool UseCompressedClassPointers               = true                                 {lp64_product} {ergonomic}
     bool UseCompressedOops                        = true                                 {lp64_product} {ergonomic}
     bool UseG1GC                                  = true                                      {product} {ergonomic}
     bool UseLargePagesIndividualAllocation        = false                                  {pd product} {ergonomic}

Logging:
Log output configuration:
 #0: stdout all=warning uptime,level,tags
 #1: stderr all=off uptime,level,tags

Environment Variables:
JAVA_HOME=D:\Environment\Java\jdk-11.0.12
PATH=D:\Environment\Git\mingw64\libexec\git-core;D:\Environment\Git\mingw64\libexec\git-core;D:\Environment\Git\mingw64\bin;D:\Environment\Git\usr\bin;C:\Users\CelineChan\bin;C:\Program Files (x86)\VMware\VMware Workstation\bin;D:\Environment\Anaconda3\Library\bin;D:\Environment\Anaconda3\Scripts;C:\Program Files (x86)\Common Files\Intel\Shared Libraries\redist\intel64\compiler;C:\Program Files\Common Files\Oracle\Java\javapath;C:\Windows\system32;C:\Windows;C:\Windows\System32\Wbem;C:\Windows\System32\WindowsPowerShell\v1.0;C:\Windows\System32\OpenSSH;C:\Program Files (x86)\NVIDIA Corporation\PhysX\Common;C:\Program Files\NVIDIA Corporation\NVIDIA NvDLISR;D:\LenovoSoftstore\MatlabR2021a\runtime\win64;D:\LenovoSoftstore\MatlabR2021a\bin;D:\Environment\Git\cmd;D:\Environment\texlive\2021\bin\win32;C:\ProgramData\chocolatey\bin;C:\Strawberry\c\bin;C:\Strawberry\perl\site\bin;C:\Strawberry\perl\bin;D:\Environment\Python39\Lib\site-packages\qt5_applications\Qt\bin;D:\Environment\Anaconda3;D:\Environment\Java\apache-maven-3.8.4;D:\Environment\Java\apache-maven-3.8.4\bin;C:\Users\CelineChan\AppData\Roaming\npm;C:\Program Files\dotnet;D:\Environment\Redis;D:\Environment\nvm\nodejs\v12.20.1;D:\Environment\nvm\nodejs\v12.20.1\node_modules;D:\Environment\nvm;D:\Environment\nvm\nodejs;C:\Program Files (x86)\dotnet;C:\Program Files\PuTTY;C:\Users\CelineChan\AppData\Local\Microsoft\WindowsApps;D:\LenovoSoftstore\JetBrains\PyCharm 2021.2\bin;D:\LenovoSoftstore\Microsoft VS Code\bin;C:\Users\CelineChan\.dotnet\tools;C:\Users\CelineChan\AppData\Local\Pandoc;C:\Users\CelineChan\AppData\Roaming\npm;D:\Environment\nvm;D:\Environment\nvm\nodejs
USERNAME=CelineChan
DISPLAY=:0.0
LC_ALL=en_US.UTF-8
OS=Windows_NT
PROCESSOR_IDENTIFIER=AMD64 Family 25 Model 80 Stepping 0, AuthenticAMD



---------------  S Y S T E M  ---------------

OS: Windows 10 , 64 bit Build 19041 (10.0.19041.1889)
OS uptime: 2 days 2:35 hours

CPU:total 16 (initial active 16) (16 cores per cpu, 2 threads per core) family 25 model 80 stepping 0 microcode 0x0, cmov, cx8, fxsr, mmx, sse, sse2, sse3, ssse3, sse4.1, sse4.2, popcnt, avx, avx2, aes, clmul, erms, mmxext, 3dnowpref, lzcnt, sse4a, ht, tsc, tscinvbit, tscinv, bmi1, bmi2,

Memory: 4k page, system-wide physical 16252M (1615M free)
TotalPageFile size 41852M (AvailPageFile size 3M)
current process WorkingSet (physical memory assigned to process): 9M, peak: 9M
current process commit charge ("private bytes"): 21M, peak: 21M

vm_info: OpenJDK 64-Bit Server VM (11.0.11+9-b1504.13) for windows-amd64 JRE (11.0.11+9-b1504.13), built on Jul 18 2021 03:17:44 by "" with MS VC++ 14.0 (VS2015)

END.
